<?xml version="1.0" encoding="UTF-8"?>
<Site BuildName="Linux-c++"
	BuildStamp="20240808-1619-Experimental"
	Name="my-dell"
	Generator="ctest-3.22.1"
	CompilerName="/usr/bin/c++"
	CompilerVersion="11.4.0"
	OSName="Linux"
	Hostname="my-dell"
	OSRelease="6.5.0-44-generic"
	OSVersion="#44~22.04.1-Ubuntu SMP PREEMPT_DYNAMIC Tue Jun 18 14:36:16 UTC 2"
	OSPlatform="x86_64"
	Is64Bits="1"
	VendorString="GenuineIntel"
	VendorID="Intel Corporation"
	FamilyID="6"
	ModelID="58"
	ProcessorCacheSize="6144"
	NumberOfLogicalCPU="8"
	NumberOfPhysicalCPU="4"
	TotalVirtualMemory="2047"
	TotalPhysicalMemory="7804"
	LogicalProcessorsPerPhysical="2"
	ProcessorClockFrequency="1815.2"
	>
	<Testing>
		<StartDateTime>Aug 08 19:19 EEST</StartDateTime>
		<StartTestTime>1723133989</StartTestTime>
		<TestList/>
		<EndDateTime>Aug 08 19:19 EEST</EndDateTime>
		<EndTestTime>1723133989</EndTestTime>
		<ElapsedMinutes>0</ElapsedMinutes>
	</Testing>
</Site>
