<?xml version="1.0" encoding="UTF-8"?>
<Site BuildName="Linux-c++"
	BuildStamp="20241027-0836-Experimental"
	Name="my-dell"
	Generator="ctest-3.22.1"
	CompilerName="/usr/bin/c++"
	CompilerVersion="11.4.0"
	OSName="Linux"
	Hostname="my-dell"
	OSRelease="6.8.0-47-generic"
	OSVersion="#47~22.04.1-Ubuntu SMP PREEMPT_DYNAMIC Wed Oct  2 16:16:55 UTC 2"
	OSPlatform="x86_64"
	Is64Bits="1"
	VendorString="GenuineIntel"
	VendorID="Intel Corporation"
	FamilyID="6"
	ModelID="58"
	ProcessorCacheSize="6144"
	NumberOfLogicalCPU="8"
	NumberOfPhysicalCPU="4"
	TotalVirtualMemory="2047"
	TotalPhysicalMemory="7813"
	LogicalProcessorsPerPhysical="2"
	ProcessorClockFrequency="3401.12"
	>
	<Testing>
		<StartDateTime>Oct 27 11:36 EEST</StartDateTime>
		<StartTestTime>1730018198</StartTestTime>
		<TestList/>
		<EndDateTime>Oct 27 11:36 EEST</EndDateTime>
		<EndTestTime>1730018198</EndTestTime>
		<ElapsedMinutes>0</ElapsedMinutes>
	</Testing>
</Site>
