<?xml version="1.0" encoding="UTF-8"?>
<Site BuildName="Linux-c++"
	BuildStamp="20240726-1144-Experimental"
	Name="my-dell"
	Generator="ctest-3.22.1"
	CompilerName="/usr/bin/c++"
	CompilerVersion="11.4.0"
	OSName="Linux"
	Hostname="my-dell"
	OSRelease="6.5.0-44-generic"
	OSVersion="#44~22.04.1-Ubuntu SMP PREEMPT_DYNAMIC Tue Jun 18 14:36:16 UTC 2"
	OSPlatform="x86_64"
	Is64Bits="1"
	VendorString="GenuineIntel"
	VendorID="Intel Corporation"
	FamilyID="6"
	ModelID="58"
	ProcessorCacheSize="6144"
	NumberOfLogicalCPU="8"
	NumberOfPhysicalCPU="4"
	TotalVirtualMemory="2047"
	TotalPhysicalMemory="7804"
	LogicalProcessorsPerPhysical="2"
	ProcessorClockFrequency="1454.87"
	>
	<Testing>
		<StartDateTime>Jul 26 14:44 EEST</StartDateTime>
		<StartTestTime>1721994295</StartTestTime>
		<TestList/>
		<EndDateTime>Jul 26 14:44 EEST</EndDateTime>
		<EndTestTime>1721994295</EndTestTime>
		<ElapsedMinutes>0</ElapsedMinutes>
	</Testing>
</Site>
