<?xml version="1.0" encoding="UTF-8"?>
<Site BuildName="Linux-c++"
	BuildStamp="20241026-1548-Experimental"
	Name="my-dell"
	Generator="ctest-3.22.1"
	CompilerName="/usr/bin/c++"
	CompilerVersion="11.4.0"
	OSName="Linux"
	Hostname="my-dell"
	OSRelease="6.8.0-47-generic"
	OSVersion="#47~22.04.1-Ubuntu SMP PREEMPT_DYNAMIC Wed Oct  2 16:16:55 UTC 2"
	OSPlatform="x86_64"
	Is64Bits="1"
	VendorString="GenuineIntel"
	VendorID="Intel Corporation"
	FamilyID="6"
	ModelID="58"
	ProcessorCacheSize="6144"
	NumberOfLogicalCPU="8"
	NumberOfPhysicalCPU="4"
	TotalVirtualMemory="2047"
	TotalPhysicalMemory="7813"
	LogicalProcessorsPerPhysical="2"
	ProcessorClockFrequency="1299.79"
	>
	<Testing>
		<StartDateTime>Oct 26 18:48 EEST</StartDateTime>
		<StartTestTime>1729957688</StartTestTime>
		<TestList/>
		<EndDateTime>Oct 26 18:48 EEST</EndDateTime>
		<EndTestTime>1729957689</EndTestTime>
		<ElapsedMinutes>0</ElapsedMinutes>
	</Testing>
</Site>
